<?xml version="1.0" encoding="UTF-8"?>
<!-- Generated by org.testng.reporters.JUnitReportReporter -->
<testsuite hostname="runnervmwhb2z" failures="0" tests="10" name="com.broadridge.Tests" time="452.356" errors="0" timestamp="2025-10-07T13:39:10 UTC" skipped="0">
  <testcase classname="com.broadridge.Tests" name="FormTester" time="49.050"/>
  <testcase classname="com.broadridge.Tests" name="FormTester" time="47.182"/>
  <testcase classname="com.broadridge.Tests" name="FormTester" time="37.683"/>
  <testcase classname="com.broadridge.Tests" name="FormTester" time="46.832"/>
  <testcase classname="com.broadridge.Tests" name="FormTester" time="34.927"/>
  <testcase classname="com.broadridge.Tests" name="FormTester" time="49.289"/>
  <testcase classname="com.broadridge.Tests" name="FormTester" time="44.666"/>
  <testcase classname="com.broadridge.Tests" name="FormTester" time="46.573"/>
  <testcase classname="com.broadridge.Tests" name="FormTester" time="46.580"/>
  <testcase classname="com.broadridge.Tests" name="FormTester" time="49.574"/>
</testsuite> <!-- com.broadridge.Tests -->
